<?xml version="1.0" encoding="UTF-8"?>
<testsuite xmlns:xsi="http://www.w3.org/2001/XMLSchema-instance" xsi:noNamespaceSchemaLocation="https://maven.apache.org/surefire/maven-surefire-plugin/xsd/surefire-test-report-3.0.xsd" version="3.0" name="com.udacity.catpoint.security.service.SecurityServiceTest" time="1.262" tests="13" errors="0" skipped="0" failures="0">
  <properties>
    <property name="java.specification.version" value="20"/>
    <property name="sun.cpu.isalist" value="amd64"/>
    <property name="sun.jnu.encoding" value="Cp1252"/>
    <property name="java.class.path" value="C:\Users\Antony\temp\starter\catpoint-parent\Security\target\test-classes;C:\Users\Antony\.m2\repository\software\amazon\awssdk\annotations\2.20.85\annotations-2.20.85.jar;C:\Users\Antony\.m2\repository\software\amazon\awssdk\utils\2.20.85\utils-2.20.85.jar;C:\Users\Antony\.m2\repository\org\reactivestreams\reactive-streams\1.0.3\reactive-streams-1.0.3.jar;C:\Users\Antony\.m2\repository\software\amazon\awssdk\profiles\2.20.85\profiles-2.20.85.jar;C:\Users\Antony\.m2\repository\software\amazon\awssdk\http-client-spi\2.20.85\http-client-spi-2.20.85.jar;C:\Users\Antony\.m2\repository\software\amazon\awssdk\json-utils\2.20.85\json-utils-2.20.85.jar;C:\Users\Antony\.m2\repository\software\amazon\awssdk\third-party-jackson-core\2.20.85\third-party-jackson-core-2.20.85.jar;C:\Users\Antony\.m2\repository\software\amazon\eventstream\eventstream\1.0.1\eventstream-1.0.1.jar;C:\Users\Antony\.m2\repository\software\amazon\awssdk\aws-json-protocol\2.20.84\aws-json-protocol-2.20.84.jar;C:\Users\Antony\.m2\repository\software\amazon\awssdk\protocol-core\2.20.84\protocol-core-2.20.84.jar;C:\Users\Antony\.m2\repository\software\amazon\awssdk\aws-core\2.20.84\aws-core-2.20.84.jar;C:\Users\Antony\.m2\repository\software\amazon\awssdk\metrics-spi\2.20.84\metrics-spi-2.20.84.jar;C:\Users\Antony\.m2\repository\software\amazon\awssdk\endpoints-spi\2.20.84\endpoints-spi-2.20.84.jar;C:\Users\Antony\.m2\repository\software\amazon\awssdk\apache-client\2.20.84\apache-client-2.20.84.jar;C:\Users\Antony\.m2\repository\org\apache\httpcomponents\httpclient\4.5.13\httpclient-4.5.13.jar;C:\Users\Antony\.m2\repository\commons-logging\commons-logging\1.2\commons-logging-1.2.jar;C:\Users\Antony\.m2\repository\org\apache\httpcomponents\httpcore\4.4.13\httpcore-4.4.13.jar;C:\Users\Antony\.m2\repository\commons-codec\commons-codec\1.15\commons-codec-1.15.jar;C:\Users\Antony\.m2\repository\software\amazon\awssdk\netty-nio-client\2.20.84\netty-nio-client-2.20.84.jar;C:\Users\Antony\.m2\repository\io\netty\netty-codec-http\4.1.86.Final\netty-codec-http-4.1.86.Final.jar;C:\Users\Antony\.m2\repository\io\netty\netty-codec-http2\4.1.86.Final\netty-codec-http2-4.1.86.Final.jar;C:\Users\Antony\.m2\repository\io\netty\netty-codec\4.1.86.Final\netty-codec-4.1.86.Final.jar;C:\Users\Antony\.m2\repository\io\netty\netty-transport\4.1.86.Final\netty-transport-4.1.86.Final.jar;C:\Users\Antony\.m2\repository\io\netty\netty-common\4.1.86.Final\netty-common-4.1.86.Final.jar;C:\Users\Antony\.m2\repository\io\netty\netty-buffer\4.1.86.Final\netty-buffer-4.1.86.Final.jar;C:\Users\Antony\.m2\repository\io\netty\netty-handler\4.1.86.Final\netty-handler-4.1.86.Final.jar;C:\Users\Antony\.m2\repository\io\netty\netty-transport-native-unix-common\4.1.86.Final\netty-transport-native-unix-common-4.1.86.Final.jar;C:\Users\Antony\.m2\repository\io\netty\netty-transport-classes-epoll\4.1.86.Final\netty-transport-classes-epoll-4.1.86.Final.jar;C:\Users\Antony\.m2\repository\io\netty\netty-resolver\4.1.86.Final\netty-resolver-4.1.86.Final.jar;C:\Users\Antony\.m2\repository\com\google\guava\failureaccess\1.0.1\failureaccess-1.0.1.jar;C:\Users\Antony\.m2\repository\com\google\guava\listenablefuture\9999.0-empty-to-avoid-conflict-with-guava\listenablefuture-9999.0-empty-to-avoid-conflict-with-guava.jar;C:\Users\Antony\.m2\repository\com\google\code\findbugs\jsr305\3.0.2\jsr305-3.0.2.jar;C:\Users\Antony\.m2\repository\org\checkerframework\checker-qual\3.33.0\checker-qual-3.33.0.jar;C:\Users\Antony\.m2\repository\com\google\errorprone\error_prone_annotations\2.18.0\error_prone_annotations-2.18.0.jar;C:\Users\Antony\.m2\repository\com\google\j2objc\j2objc-annotations\2.8\j2objc-annotations-2.8.jar;C:\Users\Antony\.m2\repository\org\junit\jupiter\junit-jupiter-api\5.9.3\junit-jupiter-api-5.9.3.jar;C:\Users\Antony\.m2\repository\org\opentest4j\opentest4j\1.2.0\opentest4j-1.2.0.jar;C:\Users\Antony\.m2\repository\org\junit\platform\junit-platform-commons\1.9.3\junit-platform-commons-1.9.3.jar;C:\Users\Antony\.m2\repository\org\apiguardian\apiguardian-api\1.1.2\apiguardian-api-1.1.2.jar;C:\Users\Antony\.m2\repository\org\junit\jupiter\junit-jupiter-engine\5.7.0\junit-jupiter-engine-5.7.0.jar;C:\Users\Antony\.m2\repository\org\junit\platform\junit-platform-engine\1.7.0\junit-platform-engine-1.7.0.jar;C:\Users\Antony\.m2\repository\org\junit\jupiter\junit-jupiter-params\5.9.3\junit-jupiter-params-5.9.3.jar;C:\Users\Antony\.m2\repository\org\mockito\mockito-junit-jupiter\5.3.0\mockito-junit-jupiter-5.3.0.jar;C:\Users\Antony\.m2\repository\org\mockito\mockito-core\5.3.0\mockito-core-5.3.0.jar;C:\Users\Antony\.m2\repository\net\bytebuddy\byte-buddy\1.14.4\byte-buddy-1.14.4.jar;C:\Users\Antony\.m2\repository\net\bytebuddy\byte-buddy-agent\1.14.4\byte-buddy-agent-1.14.4.jar;C:\Users\Antony\.m2\repository\org\objenesis\objenesis\3.3\objenesis-3.3.jar;"/>
    <property name="java.vm.vendor" value="Oracle Corporation"/>
    <property name="sun.arch.data.model" value="64"/>
    <property name="user.variant" value=""/>
    <property name="java.vendor.url" value="https://java.oracle.com/"/>
    <property name="user.timezone" value="Europe/London"/>
    <property name="os.name" value="Windows 10"/>
    <property name="java.vm.specification.version" value="20"/>
    <property name="sun.java.launcher" value="SUN_STANDARD"/>
    <property name="user.country" value="US"/>
    <property name="sun.boot.library.path" value="C:\Program Files\Java\jdk-20\bin"/>
    <property name="sun.java.command" value="org.apache.maven.surefire.booter.ForkedBooter C:\Users\Antony\AppData\Local\Temp\surefire15602896300213117335 2023-06-17T14-18-05_326-jvmRun1 surefire-20230617141805913_1tmp surefire_0-20230617141805913_2tmp"/>
    <property name="jdk.debug" value="release"/>
    <property name="surefire.test.class.path" value="C:\Users\Antony\temp\starter\catpoint-parent\Security\target\test-classes;C:\Users\Antony\.m2\repository\software\amazon\awssdk\annotations\2.20.85\annotations-2.20.85.jar;C:\Users\Antony\.m2\repository\software\amazon\awssdk\utils\2.20.85\utils-2.20.85.jar;C:\Users\Antony\.m2\repository\org\reactivestreams\reactive-streams\1.0.3\reactive-streams-1.0.3.jar;C:\Users\Antony\.m2\repository\software\amazon\awssdk\profiles\2.20.85\profiles-2.20.85.jar;C:\Users\Antony\.m2\repository\software\amazon\awssdk\http-client-spi\2.20.85\http-client-spi-2.20.85.jar;C:\Users\Antony\.m2\repository\software\amazon\awssdk\json-utils\2.20.85\json-utils-2.20.85.jar;C:\Users\Antony\.m2\repository\software\amazon\awssdk\third-party-jackson-core\2.20.85\third-party-jackson-core-2.20.85.jar;C:\Users\Antony\.m2\repository\software\amazon\eventstream\eventstream\1.0.1\eventstream-1.0.1.jar;C:\Users\Antony\.m2\repository\software\amazon\awssdk\aws-json-protocol\2.20.84\aws-json-protocol-2.20.84.jar;C:\Users\Antony\.m2\repository\software\amazon\awssdk\protocol-core\2.20.84\protocol-core-2.20.84.jar;C:\Users\Antony\.m2\repository\software\amazon\awssdk\aws-core\2.20.84\aws-core-2.20.84.jar;C:\Users\Antony\.m2\repository\software\amazon\awssdk\metrics-spi\2.20.84\metrics-spi-2.20.84.jar;C:\Users\Antony\.m2\repository\software\amazon\awssdk\endpoints-spi\2.20.84\endpoints-spi-2.20.84.jar;C:\Users\Antony\.m2\repository\software\amazon\awssdk\apache-client\2.20.84\apache-client-2.20.84.jar;C:\Users\Antony\.m2\repository\org\apache\httpcomponents\httpclient\4.5.13\httpclient-4.5.13.jar;C:\Users\Antony\.m2\repository\commons-logging\commons-logging\1.2\commons-logging-1.2.jar;C:\Users\Antony\.m2\repository\org\apache\httpcomponents\httpcore\4.4.13\httpcore-4.4.13.jar;C:\Users\Antony\.m2\repository\commons-codec\commons-codec\1.15\commons-codec-1.15.jar;C:\Users\Antony\.m2\repository\software\amazon\awssdk\netty-nio-client\2.20.84\netty-nio-client-2.20.84.jar;C:\Users\Antony\.m2\repository\io\netty\netty-codec-http\4.1.86.Final\netty-codec-http-4.1.86.Final.jar;C:\Users\Antony\.m2\repository\io\netty\netty-codec-http2\4.1.86.Final\netty-codec-http2-4.1.86.Final.jar;C:\Users\Antony\.m2\repository\io\netty\netty-codec\4.1.86.Final\netty-codec-4.1.86.Final.jar;C:\Users\Antony\.m2\repository\io\netty\netty-transport\4.1.86.Final\netty-transport-4.1.86.Final.jar;C:\Users\Antony\.m2\repository\io\netty\netty-common\4.1.86.Final\netty-common-4.1.86.Final.jar;C:\Users\Antony\.m2\repository\io\netty\netty-buffer\4.1.86.Final\netty-buffer-4.1.86.Final.jar;C:\Users\Antony\.m2\repository\io\netty\netty-handler\4.1.86.Final\netty-handler-4.1.86.Final.jar;C:\Users\Antony\.m2\repository\io\netty\netty-transport-native-unix-common\4.1.86.Final\netty-transport-native-unix-common-4.1.86.Final.jar;C:\Users\Antony\.m2\repository\io\netty\netty-transport-classes-epoll\4.1.86.Final\netty-transport-classes-epoll-4.1.86.Final.jar;C:\Users\Antony\.m2\repository\io\netty\netty-resolver\4.1.86.Final\netty-resolver-4.1.86.Final.jar;C:\Users\Antony\.m2\repository\com\google\guava\failureaccess\1.0.1\failureaccess-1.0.1.jar;C:\Users\Antony\.m2\repository\com\google\guava\listenablefuture\9999.0-empty-to-avoid-conflict-with-guava\listenablefuture-9999.0-empty-to-avoid-conflict-with-guava.jar;C:\Users\Antony\.m2\repository\com\google\code\findbugs\jsr305\3.0.2\jsr305-3.0.2.jar;C:\Users\Antony\.m2\repository\org\checkerframework\checker-qual\3.33.0\checker-qual-3.33.0.jar;C:\Users\Antony\.m2\repository\com\google\errorprone\error_prone_annotations\2.18.0\error_prone_annotations-2.18.0.jar;C:\Users\Antony\.m2\repository\com\google\j2objc\j2objc-annotations\2.8\j2objc-annotations-2.8.jar;C:\Users\Antony\.m2\repository\org\junit\jupiter\junit-jupiter-api\5.9.3\junit-jupiter-api-5.9.3.jar;C:\Users\Antony\.m2\repository\org\opentest4j\opentest4j\1.2.0\opentest4j-1.2.0.jar;C:\Users\Antony\.m2\repository\org\junit\platform\junit-platform-commons\1.9.3\junit-platform-commons-1.9.3.jar;C:\Users\Antony\.m2\repository\org\apiguardian\apiguardian-api\1.1.2\apiguardian-api-1.1.2.jar;C:\Users\Antony\.m2\repository\org\junit\jupiter\junit-jupiter-engine\5.7.0\junit-jupiter-engine-5.7.0.jar;C:\Users\Antony\.m2\repository\org\junit\platform\junit-platform-engine\1.7.0\junit-platform-engine-1.7.0.jar;C:\Users\Antony\.m2\repository\org\junit\jupiter\junit-jupiter-params\5.9.3\junit-jupiter-params-5.9.3.jar;C:\Users\Antony\.m2\repository\org\mockito\mockito-junit-jupiter\5.3.0\mockito-junit-jupiter-5.3.0.jar;C:\Users\Antony\.m2\repository\org\mockito\mockito-core\5.3.0\mockito-core-5.3.0.jar;C:\Users\Antony\.m2\repository\net\bytebuddy\byte-buddy\1.14.4\byte-buddy-1.14.4.jar;C:\Users\Antony\.m2\repository\net\bytebuddy\byte-buddy-agent\1.14.4\byte-buddy-agent-1.14.4.jar;C:\Users\Antony\.m2\repository\org\objenesis\objenesis\3.3\objenesis-3.3.jar;"/>
    <property name="sun.cpu.endian" value="little"/>
    <property name="user.home" value="C:\Users\Antony"/>
    <property name="user.language" value="en"/>
    <property name="java.specification.vendor" value="Oracle Corporation"/>
    <property name="jdk.module.path" value="C:\Users\Antony\temp\starter\catpoint-parent\Security\target\classes;C:\Users\Antony\temp\starter\catpoint-parent\Image\target\classes;C:\Users\Antony\.m2\repository\org\slf4j\slf4j-api\2.0.7\slf4j-api-2.0.7.jar;C:\Users\Antony\.m2\repository\software\amazon\awssdk\auth\2.20.85\auth-2.20.85.jar;C:\Users\Antony\.m2\repository\software\amazon\awssdk\sdk-core\2.20.85\sdk-core-2.20.85.jar;C:\Users\Antony\.m2\repository\software\amazon\awssdk\regions\2.20.85\regions-2.20.85.jar;C:\Users\Antony\.m2\repository\software\amazon\awssdk\rekognition\2.20.84\rekognition-2.20.84.jar;C:\Users\Antony\.m2\repository\com\miglayout\miglayout-swing\11.1\miglayout-swing-11.1.jar;C:\Users\Antony\.m2\repository\com\miglayout\miglayout-core\11.1\miglayout-core-11.1.jar;C:\Users\Antony\.m2\repository\com\google\guava\guava\32.0.1-jre\guava-32.0.1-jre.jar;C:\Users\Antony\.m2\repository\com\google\code\gson\gson\2.10.1\gson-2.10.1.jar"/>
    <property name="java.version.date" value="2023-04-18"/>
    <property name="java.home" value="C:\Program Files\Java\jdk-20"/>
    <property name="file.separator" value="\"/>
    <property name="basedir" value="C:\Users\Antony\temp\starter\catpoint-parent\Security"/>
    <property name="java.vm.compressedOopsMode" value="Zero based"/>
    <property name="line.separator" value="&#10;"/>
    <property name="java.vm.specification.vendor" value="Oracle Corporation"/>
    <property name="java.specification.name" value="Java Platform API Specification"/>
    <property name="surefire.real.class.path" value="C:\Users\Antony\.m2\repository\org\apache\maven\surefire\surefire-booter\3.0.0\surefire-booter-3.0.0.jar;C:\Users\Antony\.m2\repository\org\apache\maven\surefire\surefire-api\3.0.0\surefire-api-3.0.0.jar;C:\Users\Antony\.m2\repository\org\apache\maven\surefire\surefire-extensions-spi\3.0.0\surefire-extensions-spi-3.0.0.jar;C:\Users\Antony\.m2\repository\org\apache\maven\surefire\surefire-logger-api\3.0.0\surefire-logger-api-3.0.0.jar;C:\Users\Antony\.m2\repository\org\apache\maven\surefire\surefire-shared-utils\3.0.0\surefire-shared-utils-3.0.0.jar;C:\Users\Antony\temp\starter\catpoint-parent\Security\target\test-classes;C:\Users\Antony\.m2\repository\software\amazon\awssdk\annotations\2.20.85\annotations-2.20.85.jar;C:\Users\Antony\.m2\repository\software\amazon\awssdk\utils\2.20.85\utils-2.20.85.jar;C:\Users\Antony\.m2\repository\org\reactivestreams\reactive-streams\1.0.3\reactive-streams-1.0.3.jar;C:\Users\Antony\.m2\repository\software\amazon\awssdk\profiles\2.20.85\profiles-2.20.85.jar;C:\Users\Antony\.m2\repository\software\amazon\awssdk\http-client-spi\2.20.85\http-client-spi-2.20.85.jar;C:\Users\Antony\.m2\repository\software\amazon\awssdk\json-utils\2.20.85\json-utils-2.20.85.jar;C:\Users\Antony\.m2\repository\software\amazon\awssdk\third-party-jackson-core\2.20.85\third-party-jackson-core-2.20.85.jar;C:\Users\Antony\.m2\repository\software\amazon\eventstream\eventstream\1.0.1\eventstream-1.0.1.jar;C:\Users\Antony\.m2\repository\software\amazon\awssdk\aws-json-protocol\2.20.84\aws-json-protocol-2.20.84.jar;C:\Users\Antony\.m2\repository\software\amazon\awssdk\protocol-core\2.20.84\protocol-core-2.20.84.jar;C:\Users\Antony\.m2\repository\software\amazon\awssdk\aws-core\2.20.84\aws-core-2.20.84.jar;C:\Users\Antony\.m2\repository\software\amazon\awssdk\metrics-spi\2.20.84\metrics-spi-2.20.84.jar;C:\Users\Antony\.m2\repository\software\amazon\awssdk\endpoints-spi\2.20.84\endpoints-spi-2.20.84.jar;C:\Users\Antony\.m2\repository\software\amazon\awssdk\apache-client\2.20.84\apache-client-2.20.84.jar;C:\Users\Antony\.m2\repository\org\apache\httpcomponents\httpclient\4.5.13\httpclient-4.5.13.jar;C:\Users\Antony\.m2\repository\commons-logging\commons-logging\1.2\commons-logging-1.2.jar;C:\Users\Antony\.m2\repository\org\apache\httpcomponents\httpcore\4.4.13\httpcore-4.4.13.jar;C:\Users\Antony\.m2\repository\commons-codec\commons-codec\1.15\commons-codec-1.15.jar;C:\Users\Antony\.m2\repository\software\amazon\awssdk\netty-nio-client\2.20.84\netty-nio-client-2.20.84.jar;C:\Users\Antony\.m2\repository\io\netty\netty-codec-http\4.1.86.Final\netty-codec-http-4.1.86.Final.jar;C:\Users\Antony\.m2\repository\io\netty\netty-codec-http2\4.1.86.Final\netty-codec-http2-4.1.86.Final.jar;C:\Users\Antony\.m2\repository\io\netty\netty-codec\4.1.86.Final\netty-codec-4.1.86.Final.jar;C:\Users\Antony\.m2\repository\io\netty\netty-transport\4.1.86.Final\netty-transport-4.1.86.Final.jar;C:\Users\Antony\.m2\repository\io\netty\netty-common\4.1.86.Final\netty-common-4.1.86.Final.jar;C:\Users\Antony\.m2\repository\io\netty\netty-buffer\4.1.86.Final\netty-buffer-4.1.86.Final.jar;C:\Users\Antony\.m2\repository\io\netty\netty-handler\4.1.86.Final\netty-handler-4.1.86.Final.jar;C:\Users\Antony\.m2\repository\io\netty\netty-transport-native-unix-common\4.1.86.Final\netty-transport-native-unix-common-4.1.86.Final.jar;C:\Users\Antony\.m2\repository\io\netty\netty-transport-classes-epoll\4.1.86.Final\netty-transport-classes-epoll-4.1.86.Final.jar;C:\Users\Antony\.m2\repository\io\netty\netty-resolver\4.1.86.Final\netty-resolver-4.1.86.Final.jar;C:\Users\Antony\.m2\repository\com\google\guava\failureaccess\1.0.1\failureaccess-1.0.1.jar;C:\Users\Antony\.m2\repository\com\google\guava\listenablefuture\9999.0-empty-to-avoid-conflict-with-guava\listenablefuture-9999.0-empty-to-avoid-conflict-with-guava.jar;C:\Users\Antony\.m2\repository\com\google\code\findbugs\jsr305\3.0.2\jsr305-3.0.2.jar;C:\Users\Antony\.m2\repository\org\checkerframework\checker-qual\3.33.0\checker-qual-3.33.0.jar;C:\Users\Antony\.m2\repository\com\google\errorprone\error_prone_annotations\2.18.0\error_prone_annotations-2.18.0.jar;C:\Users\Antony\.m2\repository\com\google\j2objc\j2objc-annotations\2.8\j2objc-annotations-2.8.jar;C:\Users\Antony\.m2\repository\org\junit\jupiter\junit-jupiter-api\5.9.3\junit-jupiter-api-5.9.3.jar;C:\Users\Antony\.m2\repository\org\opentest4j\opentest4j\1.2.0\opentest4j-1.2.0.jar;C:\Users\Antony\.m2\repository\org\junit\platform\junit-platform-commons\1.9.3\junit-platform-commons-1.9.3.jar;C:\Users\Antony\.m2\repository\org\apiguardian\apiguardian-api\1.1.2\apiguardian-api-1.1.2.jar;C:\Users\Antony\.m2\repository\org\junit\jupiter\junit-jupiter-engine\5.7.0\junit-jupiter-engine-5.7.0.jar;C:\Users\Antony\.m2\repository\org\junit\platform\junit-platform-engine\1.7.0\junit-platform-engine-1.7.0.jar;C:\Users\Antony\.m2\repository\org\junit\jupiter\junit-jupiter-params\5.9.3\junit-jupiter-params-5.9.3.jar;C:\Users\Antony\.m2\repository\org\mockito\mockito-junit-jupiter\5.3.0\mockito-junit-jupiter-5.3.0.jar;C:\Users\Antony\.m2\repository\org\mockito\mockito-core\5.3.0\mockito-core-5.3.0.jar;C:\Users\Antony\.m2\repository\net\bytebuddy\byte-buddy\1.14.4\byte-buddy-1.14.4.jar;C:\Users\Antony\.m2\repository\net\bytebuddy\byte-buddy-agent\1.14.4\byte-buddy-agent-1.14.4.jar;C:\Users\Antony\.m2\repository\org\objenesis\objenesis\3.3\objenesis-3.3.jar;C:\Users\Antony\.m2\repository\org\apache\maven\surefire\surefire-junit-platform\3.0.0\surefire-junit-platform-3.0.0.jar;C:\Users\Antony\.m2\repository\org\apache\maven\surefire\common-java5\3.0.0\common-java5-3.0.0.jar;C:\Users\Antony\.m2\repository\org\junit\platform\junit-platform-launcher\1.9.3\junit-platform-launcher-1.9.3.jar"/>
    <property name="user.script" value=""/>
    <property name="sun.management.compiler" value="HotSpot 64-Bit Tiered Compilers"/>
    <property name="java.runtime.version" value="20.0.1+9-29"/>
    <property name="user.name" value="Antony"/>
    <property name="stdout.encoding" value="Cp1252"/>
    <property name="path.separator" value=";"/>
    <property name="os.version" value="10.0"/>
    <property name="java.runtime.name" value="Java(TM) SE Runtime Environment"/>
    <property name="file.encoding" value="UTF-8"/>
    <property name="java.vm.name" value="Java HotSpot(TM) 64-Bit Server VM"/>
    <property name="localRepository" value="C:\Users\Antony\.m2\repository"/>
    <property name="java.vendor.url.bug" value="https://bugreport.java.com/bugreport/"/>
    <property name="java.io.tmpdir" value="C:\Users\Antony\AppData\Local\Temp\"/>
    <property name="java.version" value="20.0.1"/>
    <property name="user.dir" value="C:\Users\Antony\temp\starter\catpoint-parent\Security"/>
    <property name="os.arch" value="amd64"/>
    <property name="java.vm.specification.name" value="Java Virtual Machine Specification"/>
    <property name="sun.os.patch.level" value=""/>
    <property name="native.encoding" value="Cp1252"/>
    <property name="java.library.path" value="C:\Program Files\Java\jdk-20\bin;C:\WINDOWS\Sun\Java\bin;C:\WINDOWS\system32;C:\WINDOWS;C:\Program Files\Common Files\Oracle\Java\javapath;C:\WINDOWS\system32;C:\WINDOWS;C:\WINDOWS\System32\Wbem;C:\WINDOWS\System32\WindowsPowerShell\v1.0\;C:\WINDOWS\System32\OpenSSH\;C:\Program Files\Java\jdk-20\bin;C:\Users\Antony\maven\apache-maven-3.9.1\bin;C:\Program Files\Git\cmd;C:\Users\Antony\AppData\Local\Microsoft\WindowsApps;C:\Program Files\JetBrains\IntelliJ IDEA Community Edition 2023.1.1\bin;C:\Users\Antony\AppData\Local\atom\bin;C:\Users\Antony\AppData\Local\Programs\Microsoft VS Code\bin;C:\Program Files\JetBrains\IntelliJ IDEA Community Edition 2023.1.2\bin;;."/>
    <property name="java.vm.info" value="mixed mode"/>
    <property name="stderr.encoding" value="Cp1252"/>
    <property name="java.vendor" value="Oracle Corporation"/>
    <property name="java.vm.version" value="20.0.1+9-29"/>
    <property name="sun.io.unicode.encoding" value="UnicodeLittle"/>
    <property name="java.class.version" value="64.0"/>
  </properties>
  <testcase name="armingStatusArmed_alarmStatusPending_sensorActivated_alarmStatusAlarm" classname="com.udacity.catpoint.security.service.SecurityServiceTest" time="1.1"/>
  <testcase name="alarmStatusPending_sensorActivatedAgain_alarmStatusAlarm" classname="com.udacity.catpoint.security.service.SecurityServiceTest" time="0.006"/>
  <testcase name="armingStatusArmed_sensorsDeactivated" classname="com.udacity.catpoint.security.service.SecurityServiceTest" time="0.012"/>
  <testcase name="sensorsDeactivated_catNotDetected_alarmStatusNoAlarm" classname="com.udacity.catpoint.security.service.SecurityServiceTest" time="0.015"/>
  <testcase name="armingStatusArmed_armingStatusDisarmed_alarmStatusNoAlarm" classname="com.udacity.catpoint.security.service.SecurityServiceTest" time="0.006"/>
  <testcase name="alarmStatusAlarm_sensorStatesChanged_alarmStatusAlarm" classname="com.udacity.catpoint.security.service.SecurityServiceTest" time="0.008"/>
  <testcase name="armingStatusArmed_alarmStatusNoAlarm_sensorActivated_alarmStatusPending" classname="com.udacity.catpoint.security.service.SecurityServiceTest" time="0.005"/>
  <testcase name="alarmStatusAny_sensorDeactivatedAgain_alarmStatusNoChange(AlarmStatus)[1]" classname="com.udacity.catpoint.security.service.SecurityServiceTest" time="0.025"/>
  <testcase name="alarmStatusAny_sensorDeactivatedAgain_alarmStatusNoChange(AlarmStatus)[2]" classname="com.udacity.catpoint.security.service.SecurityServiceTest" time="0.004"/>
  <testcase name="alarmStatusAny_sensorDeactivatedAgain_alarmStatusNoChange(AlarmStatus)[3]" classname="com.udacity.catpoint.security.service.SecurityServiceTest" time="0.005"/>
  <testcase name="alarmStatusPending_sensorDeactivated_alarmStatusNoAlarm" classname="com.udacity.catpoint.security.service.SecurityServiceTest" time="0.004"/>
  <testcase name="armingStatusArmedHome_catDetected_alarmStatusAlarm" classname="com.udacity.catpoint.security.service.SecurityServiceTest" time="0.004"/>
  <testcase name="catDetected_armingStatusArmed_alarmStatusAlarm" classname="com.udacity.catpoint.security.service.SecurityServiceTest" time="0.004"/>
</testsuite>